<?xml version="1.0" encoding="UTF-8"?>
<testng-results skipped="0" failed="0" total="1" passed="1">
  <reporter-output>
  </reporter-output>
  <suite name="Suite" duration-ms="24564" started-at="2018-02-01T02:33:07Z" finished-at="2018-02-01T02:33:31Z">
    <groups>
    </groups>
    <test name="Test_chrome" duration-ms="24564" started-at="2018-02-01T02:33:07Z" finished-at="2018-02-01T02:33:31Z">
      <class name="com.journey.tests.FlightBookingSteps">
        <test-method status="PASS" signature="createReport()[pri:0, instance:com.journey.tests.FlightBookingSteps@7823a2f9]" name="createReport" is-config="true" duration-ms="367" started-at="2018-02-01T08:03:07Z" finished-at="2018-02-01T08:03:07Z">
          <reporter-output>
          </reporter-output>
        </test-method> <!-- createReport -->
        <test-method status="PASS" signature="openApplication(java.lang.String)[pri:0, instance:com.journey.tests.FlightBookingSteps@7823a2f9]" name="openApplication" is-config="true" duration-ms="20204" started-at="2018-02-01T08:03:07Z" finished-at="2018-02-01T08:03:27Z">
          <params>
            <param index="0">
              <value>
                <![CDATA[chrome]]>
              </value>
            </param>
          </params>
          <reporter-output>
          </reporter-output>
        </test-method> <!-- openApplication -->
        <test-method status="PASS" signature="testFlightBookingSteps()[pri:0, instance:com.journey.tests.FlightBookingSteps@7823a2f9]" name="testFlightBookingSteps" duration-ms="1842" started-at="2018-02-01T08:03:27Z" finished-at="2018-02-01T08:03:29Z">
          <reporter-output>
          </reporter-output>
        </test-method> <!-- testFlightBookingSteps -->
        <test-method status="PASS" signature="closeApplication(org.testng.ITestResult)[pri:0, instance:com.journey.tests.FlightBookingSteps@7823a2f9]" name="closeApplication" is-config="true" duration-ms="976" started-at="2018-02-01T08:03:30Z" finished-at="2018-02-01T08:03:31Z">
          <params>
            <param index="0">
              <value>
                <![CDATA[[TestResult name=testFlightBookingSteps status=SUCCESS method=FlightBookingSteps.testFlightBookingSteps()[pri:0, instance:com.journey.tests.FlightBookingSteps@7823a2f9] output={null}]]]>
              </value>
            </param>
          </params>
          <reporter-output>
          </reporter-output>
        </test-method> <!-- closeApplication -->
        <test-method status="PASS" signature="flush()[pri:0, instance:com.journey.tests.FlightBookingSteps@7823a2f9]" name="flush" is-config="true" duration-ms="1054" started-at="2018-02-01T08:03:32Z" finished-at="2018-02-01T08:03:33Z">
          <reporter-output>
          </reporter-output>
        </test-method> <!-- flush -->
      </class> <!-- com.journey.tests.FlightBookingSteps -->
    </test> <!-- Test_chrome -->
  </suite> <!-- Suite -->
</testng-results>
